1528695153,,ui,say,==> digitalocean: Creating temporary ssh key for droplet...
1528695156,,ui,say,==> digitalocean: Creating droplet...
1528695157,,ui,say,==> digitalocean: Waiting for droplet to become active...
1528695173,,ui,say,==> digitalocean: Waiting for SSH to become available...
1528695200,,ui,say,==> digitalocean: Connected to SSH!
1528695200,,ui,say,==> digitalocean: Provisioning with shell script: /tmp/packer-shell755541007
1528695201,,ui,message,    digitalocean: Get:1 http://security.ubuntu.com/ubuntu xenial-security InRelease [107 kB]
1528695202,,ui,message,    digitalocean: Get:2 http://security.ubuntu.com/ubuntu xenial-security/main Sources [125 kB]
1528695202,,ui,message,    digitalocean: Hit:3 http://nyc2.mirrors.digitalocean.com/ubuntu xenial InRelease
1528695202,,ui,message,    digitalocean: Get:4 http://security.ubuntu.com/ubuntu xenial-security/restricted Sources [2%!(PACKER_COMMA)116 B]
1528695202,,ui,message,    digitalocean: Get:5 http://security.ubuntu.com/ubuntu xenial-security/universe Sources [65.6 kB]
1528695202,,ui,message,    digitalocean: Get:6 http://security.ubuntu.com/ubuntu xenial-security/multiverse Sources [2%!(PACKER_COMMA)120 B]
1528695202,,ui,message,    digitalocean: Get:7 http://security.ubuntu.com/ubuntu xenial-security/main amd64 Packages [502 kB]
1528695202,,ui,message,    digitalocean: Get:9 http://security.ubuntu.com/ubuntu xenial-security/main Translation-en [216 kB]
1528695202,,ui,message,    digitalocean: Get:8 http://nyc2.mirrors.digitalocean.com/ubuntu xenial-updates InRelease [109 kB]
1528695202,,ui,message,    digitalocean: Get:10 http://security.ubuntu.com/ubuntu xenial-security/restricted amd64 Packages [7%!(PACKER_COMMA)204 B]
1528695202,,ui,message,    digitalocean: Get:11 http://security.ubuntu.com/ubuntu xenial-security/restricted Translation-en [2%!(PACKER_COMMA)152 B]
1528695202,,ui,message,    digitalocean: Get:12 http://security.ubuntu.com/ubuntu xenial-security/universe amd64 Packages [352 kB]
1528695202,,ui,message,    digitalocean: Get:13 http://security.ubuntu.com/ubuntu xenial-security/universe Translation-en [132 kB]
1528695202,,ui,message,    digitalocean: Get:14 http://security.ubuntu.com/ubuntu xenial-security/multiverse amd64 Packages [3%!(PACKER_COMMA)460 B]
1528695202,,ui,message,    digitalocean: Get:15 http://security.ubuntu.com/ubuntu xenial-security/multiverse Translation-en [1%!(PACKER_COMMA)744 B]
1528695202,,ui,message,    digitalocean: Get:16 http://nyc2.mirrors.digitalocean.com/ubuntu xenial-backports InRelease [107 kB]
1528695202,,ui,message,    digitalocean: Get:17 http://nyc2.mirrors.digitalocean.com/ubuntu xenial/main Sources [868 kB]
1528695202,,ui,message,    digitalocean: Get:18 http://nyc2.mirrors.digitalocean.com/ubuntu xenial/restricted Sources [4%!(PACKER_COMMA)808 B]
1528695202,,ui,message,    digitalocean: Get:19 http://nyc2.mirrors.digitalocean.com/ubuntu xenial/universe Sources [7%!(PACKER_COMMA)728 kB]
1528695202,,ui,message,    digitalocean: Get:20 http://nyc2.mirrors.digitalocean.com/ubuntu xenial/multiverse Sources [179 kB]
1528695202,,ui,message,    digitalocean: Get:21 http://nyc2.mirrors.digitalocean.com/ubuntu xenial/universe amd64 Packages [7%!(PACKER_COMMA)532 kB]
1528695203,,ui,message,    digitalocean: Get:22 http://nyc2.mirrors.digitalocean.com/ubuntu xenial/universe Translation-en [4%!(PACKER_COMMA)354 kB]
1528695203,,ui,message,    digitalocean: Get:23 http://nyc2.mirrors.digitalocean.com/ubuntu xenial/multiverse amd64 Packages [144 kB]
1528695203,,ui,message,    digitalocean: Get:24 http://nyc2.mirrors.digitalocean.com/ubuntu xenial/multiverse Translation-en [106 kB]
1528695203,,ui,message,    digitalocean: Get:25 http://nyc2.mirrors.digitalocean.com/ubuntu xenial-updates/main Sources [307 kB]
1528695203,,ui,message,    digitalocean: Get:26 http://nyc2.mirrors.digitalocean.com/ubuntu xenial-updates/restricted Sources [2%!(PACKER_COMMA)524 B]
1528695203,,ui,message,    digitalocean: Get:27 http://nyc2.mirrors.digitalocean.com/ubuntu xenial-updates/universe Sources [203 kB]
1528695203,,ui,message,    digitalocean: Get:28 http://nyc2.mirrors.digitalocean.com/ubuntu xenial-updates/multiverse Sources [8%!(PACKER_COMMA)404 B]
1528695203,,ui,message,    digitalocean: Get:29 http://nyc2.mirrors.digitalocean.com/ubuntu xenial-updates/main amd64 Packages [785 kB]
1528695203,,ui,message,    digitalocean: Get:30 http://nyc2.mirrors.digitalocean.com/ubuntu xenial-updates/main Translation-en [325 kB]
1528695203,,ui,message,    digitalocean: Get:31 http://nyc2.mirrors.digitalocean.com/ubuntu xenial-updates/restricted amd64 Packages [7%!(PACKER_COMMA)560 B]
1528695203,,ui,message,    digitalocean: Get:32 http://nyc2.mirrors.digitalocean.com/ubuntu xenial-updates/restricted Translation-en [2%!(PACKER_COMMA)272 B]
1528695203,,ui,message,    digitalocean: Get:33 http://nyc2.mirrors.digitalocean.com/ubuntu xenial-updates/universe amd64 Packages [633 kB]
1528695203,,ui,message,    digitalocean: Get:34 http://nyc2.mirrors.digitalocean.com/ubuntu xenial-updates/universe Translation-en [254 kB]
1528695203,,ui,message,    digitalocean: Get:35 http://nyc2.mirrors.digitalocean.com/ubuntu xenial-updates/multiverse amd64 Packages [16.4 kB]
1528695203,,ui,message,    digitalocean: Get:36 http://nyc2.mirrors.digitalocean.com/ubuntu xenial-updates/multiverse Translation-en [8%!(PACKER_COMMA)344 B]
1528695203,,ui,message,    digitalocean: Get:37 http://nyc2.mirrors.digitalocean.com/ubuntu xenial-backports/main Sources [3%!(PACKER_COMMA)436 B]
1528695203,,ui,message,    digitalocean: Get:38 http://nyc2.mirrors.digitalocean.com/ubuntu xenial-backports/universe Sources [5%!(PACKER_COMMA)844 B]
1528695203,,ui,message,    digitalocean: Get:39 http://nyc2.mirrors.digitalocean.com/ubuntu xenial-backports/main amd64 Packages [4%!(PACKER_COMMA)844 B]
1528695203,,ui,message,    digitalocean: Get:40 http://nyc2.mirrors.digitalocean.com/ubuntu xenial-backports/main Translation-en [3%!(PACKER_COMMA)220 B]
1528695204,,ui,message,    digitalocean: Get:41 http://nyc2.mirrors.digitalocean.com/ubuntu xenial-backports/universe amd64 Packages [7%!(PACKER_COMMA)400 B]
1528695204,,ui,message,    digitalocean: Get:42 http://nyc2.mirrors.digitalocean.com/ubuntu xenial-backports/universe Translation-en [3%!(PACKER_COMMA)996 B]
1528695209,,ui,message,    digitalocean: Fetched 25.2 MB in 5s (4%!(PACKER_COMMA)537 kB/s)
1528695211,,ui,message,    digitalocean: Reading package lists...
1528695211,,ui,message,    digitalocean: Reading package lists...
1528695211,,ui,message,    digitalocean: Building dependency tree...
1528695211,,ui,message,    digitalocean: Reading state information...
1528695211,,ui,message,    digitalocean: apt-transport-https is already the newest version (1.2.26).
1528695211,,ui,message,    digitalocean: ca-certificates is already the newest version (20170717~16.04.1).
1528695211,,ui,message,    digitalocean: The following package was automatically installed and is no longer required:
1528695211,,ui,message,    digitalocean:   grub-pc-bin
1528695211,,ui,message,    digitalocean: Use 'sudo apt autoremove' to remove it.
1528695211,,ui,message,    digitalocean: 0 upgraded%!(PACKER_COMMA) 0 newly installed%!(PACKER_COMMA) 0 to remove and 16 not upgraded.
1528695211,,ui,message,    digitalocean: OK
1528695212,,ui,message,    digitalocean: Hit:1 http://security.ubuntu.com/ubuntu xenial-security InRelease
1528695212,,ui,message,    digitalocean: Hit:2 http://nyc2.mirrors.digitalocean.com/ubuntu xenial InRelease
1528695212,,ui,message,    digitalocean: Get:3 https://download.docker.com/linux/ubuntu xenial InRelease [65.8 kB]
1528695212,,ui,message,    digitalocean: Hit:4 http://nyc2.mirrors.digitalocean.com/ubuntu xenial-updates InRelease
1528695212,,ui,message,    digitalocean: Hit:5 http://nyc2.mirrors.digitalocean.com/ubuntu xenial-backports InRelease
1528695213,,ui,message,    digitalocean: Get:6 https://download.docker.com/linux/ubuntu xenial/stable amd64 Packages [3%!(PACKER_COMMA)653 B]
1528695215,,ui,message,    digitalocean: Fetched 69.5 kB in 0s (151 kB/s)
1528695216,,ui,message,    digitalocean: Reading package lists...
1528695216,,ui,message,    digitalocean: Reading package lists...
1528695217,,ui,message,    digitalocean: Building dependency tree...
1528695217,,ui,message,    digitalocean: Reading state information...
1528695217,,ui,message,    digitalocean: The following package was automatically installed and is no longer required:
1528695217,,ui,message,    digitalocean:   grub-pc-bin
1528695217,,ui,message,    digitalocean: Use 'sudo apt autoremove' to remove it.
1528695217,,ui,message,    digitalocean: The following additional packages will be installed:
1528695217,,ui,message,    digitalocean:   aufs-tools cgroupfs-mount libltdl7
1528695217,,ui,message,    digitalocean: Suggested packages:
1528695217,,ui,message,    digitalocean:   mountall
1528695217,,ui,message,    digitalocean: The following NEW packages will be installed:
1528695217,,ui,message,    digitalocean:   aufs-tools cgroupfs-mount docker-ce libltdl7
1528695217,,ui,message,    digitalocean: 0 upgraded%!(PACKER_COMMA) 4 newly installed%!(PACKER_COMMA) 0 to remove and 16 not upgraded.
1528695217,,ui,message,    digitalocean: Need to get 20.6 MB of archives.
1528695217,,ui,message,    digitalocean: After this operation%!(PACKER_COMMA) 96.7 MB of additional disk space will be used.
1528695217,,ui,message,    digitalocean: Get:1 http://mirrors.digitalocean.com/ubuntu xenial/universe amd64 aufs-tools amd64 1:3.2+20130722-1.1ubuntu1 [92.9 kB]
1528695217,,ui,message,    digitalocean: Get:2 http://mirrors.digitalocean.com/ubuntu xenial/universe amd64 cgroupfs-mount all 1.2 [4%!(PACKER_COMMA)970 B]
1528695217,,ui,message,    digitalocean: Get:3 http://mirrors.digitalocean.com/ubuntu xenial/main amd64 libltdl7 amd64 2.4.6-0.1 [38.3 kB]
1528695217,,ui,message,    digitalocean: Get:4 https://download.docker.com/linux/ubuntu xenial/stable amd64 docker-ce amd64 17.06.2~ce-0~ubuntu [20.5 MB]
1528695218,,ui,message,    digitalocean: debconf: unable to initialize frontend: Dialog
1528695218,,ui,message,    digitalocean: debconf: (Dialog frontend will not work on a dumb terminal%!(PACKER_COMMA) an emacs shell buffer%!(PACKER_COMMA) or without a controlling terminal.)
1528695218,,ui,message,    digitalocean: debconf: falling back to frontend: Readline
1528695218,,ui,message,    digitalocean: debconf: unable to initialize frontend: Readline
1528695218,,ui,message,    digitalocean: debconf: (This frontend requires a controlling tty.)
1528695218,,ui,message,    digitalocean: debconf: falling back to frontend: Teletype
1528695218,,ui,message,    digitalocean: dpkg-preconfigure: unable to re-open stdin:
1528695218,,ui,message,    digitalocean: Fetched 20.6 MB in 0s (27.2 MB/s)
1528695218,,ui,message,    digitalocean: Selecting previously unselected package aufs-tools.
1528695218,,ui,message,    digitalocean: (Reading database ... 54428 files and directories currently installed.)
1528695218,,ui,message,    digitalocean: Preparing to unpack .../aufs-tools_1%3a3.2+20130722-1.1ubuntu1_amd64.deb ...
1528695218,,ui,message,    digitalocean: Unpacking aufs-tools (1:3.2+20130722-1.1ubuntu1) ...
1528695218,,ui,message,    digitalocean: Selecting previously unselected package cgroupfs-mount.
1528695218,,ui,message,    digitalocean: Preparing to unpack .../cgroupfs-mount_1.2_all.deb ...
1528695218,,ui,message,    digitalocean: Unpacking cgroupfs-mount (1.2) ...
1528695218,,ui,message,    digitalocean: Selecting previously unselected package libltdl7:amd64.
1528695218,,ui,message,    digitalocean: Preparing to unpack .../libltdl7_2.4.6-0.1_amd64.deb ...
1528695218,,ui,message,    digitalocean: Unpacking libltdl7:amd64 (2.4.6-0.1) ...
1528695218,,ui,message,    digitalocean: Selecting previously unselected package docker-ce.
1528695218,,ui,message,    digitalocean: Preparing to unpack .../docker-ce_17.06.2~ce-0~ubuntu_amd64.deb ...
1528695218,,ui,message,    digitalocean: Unpacking docker-ce (17.06.2~ce-0~ubuntu) ...
1528695221,,ui,message,    digitalocean: Processing triggers for libc-bin (2.23-0ubuntu10) ...
1528695221,,ui,message,    digitalocean: Processing triggers for man-db (2.7.5-1) ...
1528695221,,ui,message,    digitalocean: Processing triggers for ureadahead (0.100.0-19) ...
1528695221,,ui,message,    digitalocean: Processing triggers for systemd (229-4ubuntu21.2) ...
1528695222,,ui,message,    digitalocean: Setting up aufs-tools (1:3.2+20130722-1.1ubuntu1) ...
1528695222,,ui,message,    digitalocean: Setting up cgroupfs-mount (1.2) ...
1528695222,,ui,message,    digitalocean: Setting up libltdl7:amd64 (2.4.6-0.1) ...
1528695222,,ui,message,    digitalocean: Setting up docker-ce (17.06.2~ce-0~ubuntu) ...
1528695223,,ui,message,    digitalocean: Processing triggers for libc-bin (2.23-0ubuntu10) ...
1528695223,,ui,message,    digitalocean: Processing triggers for systemd (229-4ubuntu21.2) ...
1528695223,,ui,message,    digitalocean: Processing triggers for ureadahead (0.100.0-19) ...
1528695225,,ui,message,    digitalocean: OK
1528695226,,ui,message,    digitalocean: Hit:1 http://security.ubuntu.com/ubuntu xenial-security InRelease
1528695226,,ui,message,    digitalocean: Hit:2 http://nyc2.mirrors.digitalocean.com/ubuntu xenial InRelease
1528695226,,ui,message,    digitalocean: Hit:4 https://download.docker.com/linux/ubuntu xenial InRelease
1528695226,,ui,message,    digitalocean: Hit:5 http://nyc2.mirrors.digitalocean.com/ubuntu xenial-updates InRelease
1528695226,,ui,message,    digitalocean: Hit:6 http://nyc2.mirrors.digitalocean.com/ubuntu xenial-backports InRelease
1528695226,,ui,message,    digitalocean: Get:3 https://packages.cloud.google.com/apt kubernetes-xenial InRelease [8%!(PACKER_COMMA)993 B]
1528695226,,ui,message,    digitalocean: Get:7 https://packages.cloud.google.com/apt kubernetes-xenial/main amd64 Packages [16.7 kB]
1528695229,,ui,message,    digitalocean: Fetched 25.7 kB in 0s (36.4 kB/s)
1528695230,,ui,message,    digitalocean: Reading package lists...
1528695230,,ui,message,    digitalocean: Reading package lists...
1528695230,,ui,message,    digitalocean: Building dependency tree...
1528695230,,ui,message,    digitalocean: Reading state information...
1528695230,,ui,message,    digitalocean: The following package was automatically installed and is no longer required:
1528695230,,ui,message,    digitalocean:   grub-pc-bin
1528695230,,ui,message,    digitalocean: Use 'sudo apt autoremove' to remove it.
1528695230,,ui,message,    digitalocean: The following additional packages will be installed:
1528695230,,ui,message,    digitalocean:   ebtables kubernetes-cni socat
1528695230,,ui,message,    digitalocean: The following NEW packages will be installed:
1528695230,,ui,message,    digitalocean:   ebtables kubeadm kubectl kubelet kubernetes-cni socat
1528695231,,ui,message,    digitalocean: 0 upgraded%!(PACKER_COMMA) 6 newly installed%!(PACKER_COMMA) 0 to remove and 17 not upgraded.
1528695231,,ui,message,    digitalocean: Need to get 57.4 MB of archives.
1528695231,,ui,message,    digitalocean: After this operation%!(PACKER_COMMA) 414 MB of additional disk space will be used.
1528695231,,ui,message,    digitalocean: Get:2 http://nyc2.mirrors.digitalocean.com/ubuntu xenial-updates/main amd64 ebtables amd64 2.0.10.4-3.4ubuntu2.16.04.1 [79.6 kB]
1528695231,,ui,message,    digitalocean: Get:5 http://nyc2.mirrors.digitalocean.com/ubuntu xenial/universe amd64 socat amd64 1.7.3.1-1 [321 kB]
1528695231,,ui,message,    digitalocean: Get:1 https://packages.cloud.google.com/apt kubernetes-xenial/main amd64 kubernetes-cni amd64 0.6.0-00 [5%!(PACKER_COMMA)910 kB]
1528695231,,ui,message,    digitalocean: Get:3 https://packages.cloud.google.com/apt kubernetes-xenial/main amd64 kubelet amd64 1.9.7-00 [20.4 MB]
1528695232,,ui,message,    digitalocean: Get:4 https://packages.cloud.google.com/apt kubernetes-xenial/main amd64 kubectl amd64 1.9.7-00 [10.5 MB]
1528695233,,ui,message,    digitalocean: Get:6 https://packages.cloud.google.com/apt kubernetes-xenial/main amd64 kubeadm amd64 1.9.7-00 [20.2 MB]
1528695234,,ui,message,    digitalocean: debconf: unable to initialize frontend: Dialog
1528695234,,ui,message,    digitalocean: debconf: (Dialog frontend will not work on a dumb terminal%!(PACKER_COMMA) an emacs shell buffer%!(PACKER_COMMA) or without a controlling terminal.)
1528695234,,ui,message,    digitalocean: debconf: falling back to frontend: Readline
1528695234,,ui,message,    digitalocean: debconf: unable to initialize frontend: Readline
1528695234,,ui,message,    digitalocean: debconf: (This frontend requires a controlling tty.)
1528695234,,ui,message,    digitalocean: debconf: falling back to frontend: Teletype
1528695234,,ui,message,    digitalocean: dpkg-preconfigure: unable to re-open stdin:
1528695234,,ui,message,    digitalocean: Fetched 57.4 MB in 3s (15.5 MB/s)
1528695234,,ui,message,    digitalocean: Selecting previously unselected package ebtables.
1528695234,,ui,message,    digitalocean: (Reading database ... 54709 files and directories currently installed.)
1528695234,,ui,message,    digitalocean: Preparing to unpack .../ebtables_2.0.10.4-3.4ubuntu2.16.04.1_amd64.deb ...
1528695234,,ui,message,    digitalocean: Unpacking ebtables (2.0.10.4-3.4ubuntu2.16.04.1) ...
1528695235,,ui,message,    digitalocean: Selecting previously unselected package kubernetes-cni.
1528695235,,ui,message,    digitalocean: Preparing to unpack .../kubernetes-cni_0.6.0-00_amd64.deb ...
1528695235,,ui,message,    digitalocean: Unpacking kubernetes-cni (0.6.0-00) ...
1528695236,,ui,message,    digitalocean: Selecting previously unselected package socat.
1528695236,,ui,message,    digitalocean: Preparing to unpack .../socat_1.7.3.1-1_amd64.deb ...
1528695236,,ui,message,    digitalocean: Unpacking socat (1.7.3.1-1) ...
1528695236,,ui,message,    digitalocean: Selecting previously unselected package kubelet.
1528695236,,ui,message,    digitalocean: Preparing to unpack .../kubelet_1.9.7-00_amd64.deb ...
1528695236,,ui,message,    digitalocean: Unpacking kubelet (1.9.7-00) ...
1528695240,,ui,message,    digitalocean: Selecting previously unselected package kubectl.
1528695240,,ui,message,    digitalocean: Preparing to unpack .../kubectl_1.9.7-00_amd64.deb ...
1528695240,,ui,message,    digitalocean: Unpacking kubectl (1.9.7-00) ...
1528695241,,ui,message,    digitalocean: Selecting previously unselected package kubeadm.
1528695241,,ui,message,    digitalocean: Preparing to unpack .../kubeadm_1.9.7-00_amd64.deb ...
1528695241,,ui,message,    digitalocean: Unpacking kubeadm (1.9.7-00) ...
1528695245,,ui,message,    digitalocean: Processing triggers for man-db (2.7.5-1) ...
1528695245,,ui,message,    digitalocean: Processing triggers for systemd (229-4ubuntu21.2) ...
1528695245,,ui,message,    digitalocean: Processing triggers for ureadahead (0.100.0-19) ...
1528695245,,ui,message,    digitalocean: Setting up ebtables (2.0.10.4-3.4ubuntu2.16.04.1) ...
1528695245,,ui,message,    digitalocean: update-rc.d: warning: start and stop actions are no longer supported; falling back to defaults
1528695246,,ui,message,    digitalocean: Setting up kubernetes-cni (0.6.0-00) ...
1528695246,,ui,message,    digitalocean: Setting up socat (1.7.3.1-1) ...
1528695246,,ui,message,    digitalocean: Setting up kubelet (1.9.7-00) ...
1528695246,,ui,message,    digitalocean: Setting up kubectl (1.9.7-00) ...
1528695246,,ui,message,    digitalocean: Setting up kubeadm (1.9.7-00) ...
1528695246,,ui,message,    digitalocean: Processing triggers for systemd (229-4ubuntu21.2) ...
1528695247,,ui,message,    digitalocean: Processing triggers for ureadahead (0.100.0-19) ...
1528695249,,ui,say,==> digitalocean: Gracefully shutting down droplet...
1528695255,,ui,say,==> digitalocean: Creating snapshot: snapshot-kubernetes-2018-06-11
1528695256,,ui,say,==> digitalocean: Waiting for snapshot to complete...
1528695326,,ui,say,==> digitalocean: Destroying droplet...
1528695326,,ui,say,==> digitalocean: Deleting temporary ssh key...
1528695327,,ui,say,Build 'digitalocean' finished.
1528695327,,ui,say,\n==> Builds finished. The artifacts of successful builds are:
1528695327,digitalocean,artifact-count,1
1528695327,digitalocean,artifact,0,builder-id,pearkes.digitalocean
1528695327,digitalocean,artifact,0,id,:35188295
1528695327,digitalocean,artifact,0,string,A snapshot was created: 'snapshot-kubernetes-2018-06-11' (ID: 35188295) in regions ''
1528695327,digitalocean,artifact,0,files-count,0
1528695327,digitalocean,artifact,0,end
1528695327,,ui,say,--> digitalocean: A snapshot was created: 'snapshot-kubernetes-2018-06-11' (ID: 35188295) in regions ''
