1519411672,,ui,say,==> amazon-ebs: Force Deregister flag found%!(PACKER_COMMA) skipping prevalidating AMI Name
1519411673,,ui,message,    amazon-ebs: Found Image ID: ami-b84c7bdd
1519411673,,ui,say,==> amazon-ebs: Creating temporary keypair: packer_5a9061d7-1ed5-704f-0b98-81413e98b7f8
1519411673,,ui,say,==> amazon-ebs: Creating temporary security group for this instance: packer_5a9061d9-4fbb-7631-705a-8997e69af200
1519411674,,ui,say,==> amazon-ebs: Authorizing access to port 22 from 0.0.0.0/0 in the temporary security group...
1519411674,,ui,say,==> amazon-ebs: Launching a source AWS instance...
1519411674,,ui,say,==> amazon-ebs: Adding tags to source instance
1519411674,,ui,message,    amazon-ebs: Adding tag: "Name": "Packer Builder"
1519411675,,ui,message,    amazon-ebs: Instance ID: i-0dccf1770b4f0321c
1519411675,,ui,say,==> amazon-ebs: Waiting for instance (i-0dccf1770b4f0321c) to become ready...
1519411707,,ui,say,==> amazon-ebs: Waiting for SSH to become available...
1519411708,,ui,say,==> amazon-ebs: Connected to SSH!
1519411708,,ui,say,==> amazon-ebs: Provisioning with shell script: /var/folders/99/kb65vfkd6_5_qxn5_0w4f9pr0000gn/T/packer-shell402305880
1519411709,,ui,message,    amazon-ebs: Hello!!!
1519411710,,ui,say,==> amazon-ebs: Stopping the source instance...
1519411710,,ui,message,    amazon-ebs: Stopping instance%!(PACKER_COMMA) attempt 1
1519411710,,ui,say,==> amazon-ebs: Waiting for the instance to stop...
1519411760,,ui,say,==> amazon-ebs: Deregistered AMI devops23%!(PACKER_COMMA) id: ami-fd497e98
1519411760,,ui,say,==> amazon-ebs: Creating the AMI: devops23
1519411760,,ui,message,    amazon-ebs: AMI: ami-4c4c7b29
1519411760,,ui,say,==> amazon-ebs: Waiting for AMI to become ready...
1519411834,,ui,say,==> amazon-ebs: Modifying attributes on AMI (ami-4c4c7b29)...
1519411834,,ui,message,    amazon-ebs: Modifying: groups
1519411834,,ui,say,==> amazon-ebs: Modifying attributes on snapshot (snap-0692fbd26cf8da7b6)...
1519411834,,ui,say,==> amazon-ebs: Terminating the source AWS instance...
1519411841,,ui,say,==> amazon-ebs: Cleaning up any extra volumes...
1519411841,,ui,say,==> amazon-ebs: No volumes to clean up%!(PACKER_COMMA) skipping
1519411841,,ui,say,==> amazon-ebs: Deleting temporary security group...
1519411841,,ui,say,==> amazon-ebs: Deleting temporary keypair...
1519411841,,ui,say,Build 'amazon-ebs' finished.
1519411841,,ui,say,\n==> Builds finished. The artifacts of successful builds are:
1519411841,amazon-ebs,artifact-count,1
1519411841,amazon-ebs,artifact,0,builder-id,mitchellh.amazonebs
1519411841,amazon-ebs,artifact,0,id,us-east-2:ami-4c4c7b29
1519411841,amazon-ebs,artifact,0,string,AMIs were created:\nus-east-2: ami-4c4c7b29\n
1519411841,amazon-ebs,artifact,0,files-count,0
1519411841,amazon-ebs,artifact,0,end
1519411841,,ui,say,--> amazon-ebs: AMIs were created:\nus-east-2: ami-4c4c7b29\n
